d:\users\1833347\source\repos\lemarchand\debug\vc142.pdb
d:\users\1833347\source\repos\lemarchand\debug\vc142.idb
d:\users\1833347\source\repos\lemarchand\debug\utils.obj
d:\users\1833347\source\repos\lemarchand\debug\rapiere.obj
d:\users\1833347\source\repos\lemarchand\debug\lemarchand.obj
d:\users\1833347\source\repos\lemarchand\debug\hache.obj
d:\users\1833347\source\repos\lemarchand\debug\factory.obj
d:\users\1833347\source\repos\lemarchand\debug\arme.obj
d:\users\1833347\source\repos\lemarchand\debug\arc.obj
d:\users\1833347\source\repos\lemarchand\debug\vendeur.obj
d:\users\1833347\source\repos\lemarchand\debug\aventurier.obj
d:\users\1833347\source\repos\lemarchand\debug\affichage.obj
d:\users\1833347\source\repos\lemarchand\debug\lemarchand.ilk
d:\users\1833347\source\repos\lemarchand\debug\lemarchand.pdb
d:\users\1833347\source\repos\lemarchand\debug\lemarchand.exe
d:\users\1833347\source\repos\lemarchand\debug\lemarchand.tlog\cl.command.1.tlog
d:\users\1833347\source\repos\lemarchand\debug\lemarchand.tlog\cl.read.1.tlog
d:\users\1833347\source\repos\lemarchand\debug\lemarchand.tlog\cl.write.1.tlog
d:\users\1833347\source\repos\lemarchand\debug\lemarchand.tlog\link.command.1.tlog
d:\users\1833347\source\repos\lemarchand\debug\lemarchand.tlog\link.read.1.tlog
d:\users\1833347\source\repos\lemarchand\debug\lemarchand.tlog\link.write.1.tlog
